[1.337s] Invoking command in '/home/omark/turtle_draw/src/custom_draw': PYTHONPATH=/home/omark/turtle_draw/build/custom_draw/prefix_override:/home/omark/turtle_draw/install/custom_draw/lib/python3.10/site-packages:${PYTHONPATH} /usr/bin/python3 setup.py egg_info --egg-base ../../build/custom_draw build --build-base /home/omark/turtle_draw/build/custom_draw/build install --record /home/omark/turtle_draw/build/custom_draw/install.log --single-version-externally-managed
[1.620s] running egg_info
[1.620s] writing ../../build/custom_draw/custom_draw.egg-info/PKG-INFO
[1.632s] writing dependency_links to ../../build/custom_draw/custom_draw.egg-info/dependency_links.txt
[1.632s] writing entry points to ../../build/custom_draw/custom_draw.egg-info/entry_points.txt
[1.632s] writing requirements to ../../build/custom_draw/custom_draw.egg-info/requires.txt
[1.632s] writing top-level names to ../../build/custom_draw/custom_draw.egg-info/top_level.txt
[1.634s] reading manifest file '../../build/custom_draw/custom_draw.egg-info/SOURCES.txt'
[1.646s] writing manifest file '../../build/custom_draw/custom_draw.egg-info/SOURCES.txt'
[1.647s] running build
[1.647s] running build_py
[1.671s] copying custom_draw/shapeNode.py -> /home/omark/turtle_draw/build/custom_draw/build/lib/custom_draw
[1.672s] copying custom_draw/turtle_commander.py -> /home/omark/turtle_draw/build/custom_draw/build/lib/custom_draw
[1.673s] running install
[1.674s] running install_lib
[1.676s] copying /home/omark/turtle_draw/build/custom_draw/build/lib/custom_draw/shapeNode.py -> /home/omark/turtle_draw/install/custom_draw/lib/python3.10/site-packages/custom_draw
[1.677s] copying /home/omark/turtle_draw/build/custom_draw/build/lib/custom_draw/turtle_commander.py -> /home/omark/turtle_draw/install/custom_draw/lib/python3.10/site-packages/custom_draw
[1.678s] byte-compiling /home/omark/turtle_draw/install/custom_draw/lib/python3.10/site-packages/custom_draw/shapeNode.py to shapeNode.cpython-310.pyc
[1.680s] byte-compiling /home/omark/turtle_draw/install/custom_draw/lib/python3.10/site-packages/custom_draw/turtle_commander.py to turtle_commander.cpython-310.pyc
[1.683s] running install_data
[1.685s] running install_egg_info
[1.690s] removing '/home/omark/turtle_draw/install/custom_draw/lib/python3.10/site-packages/custom_draw-0.0.0-py3.10.egg-info' (and everything under it)
[1.691s] Copying ../../build/custom_draw/custom_draw.egg-info to /home/omark/turtle_draw/install/custom_draw/lib/python3.10/site-packages/custom_draw-0.0.0-py3.10.egg-info
[1.694s] running install_scripts
[1.722s] Installing shape_node script to /home/omark/turtle_draw/install/custom_draw/lib/custom_draw
[1.723s] Installing turtle_commander script to /home/omark/turtle_draw/install/custom_draw/lib/custom_draw
[1.723s] writing list of installed files to '/home/omark/turtle_draw/build/custom_draw/install.log'
[1.745s] Invoked command in '/home/omark/turtle_draw/src/custom_draw' returned '0': PYTHONPATH=/home/omark/turtle_draw/build/custom_draw/prefix_override:/home/omark/turtle_draw/install/custom_draw/lib/python3.10/site-packages:${PYTHONPATH} /usr/bin/python3 setup.py egg_info --egg-base ../../build/custom_draw build --build-base /home/omark/turtle_draw/build/custom_draw/build install --record /home/omark/turtle_draw/build/custom_draw/install.log --single-version-externally-managed
