[0.873s] Invoking command in '/home/omark/turtle_draw/src/custom_draw': PYTHONPATH=/home/omark/turtle_draw/build/custom_draw/prefix_override:/home/omark/turtle_draw/install/custom_draw/lib/python3.10/site-packages:${PYTHONPATH} /usr/bin/python3 setup.py egg_info --egg-base ../../build/custom_draw build --build-base /home/omark/turtle_draw/build/custom_draw/build install --record /home/omark/turtle_draw/build/custom_draw/install.log --single-version-externally-managed
[1.110s] running egg_info
[1.111s] creating ../../build/custom_draw/custom_draw.egg-info
[1.111s] writing ../../build/custom_draw/custom_draw.egg-info/PKG-INFO
[1.111s] writing dependency_links to ../../build/custom_draw/custom_draw.egg-info/dependency_links.txt
[1.111s] writing entry points to ../../build/custom_draw/custom_draw.egg-info/entry_points.txt
[1.111s] writing requirements to ../../build/custom_draw/custom_draw.egg-info/requires.txt
[1.112s] writing top-level names to ../../build/custom_draw/custom_draw.egg-info/top_level.txt
[1.112s] writing manifest file '../../build/custom_draw/custom_draw.egg-info/SOURCES.txt'
[1.113s] reading manifest file '../../build/custom_draw/custom_draw.egg-info/SOURCES.txt'
[1.114s] writing manifest file '../../build/custom_draw/custom_draw.egg-info/SOURCES.txt'
[1.114s] running build
[1.114s] running build_py
[1.114s] creating /home/omark/turtle_draw/build/custom_draw/build
[1.114s] creating /home/omark/turtle_draw/build/custom_draw/build/lib
[1.114s] creating /home/omark/turtle_draw/build/custom_draw/build/lib/custom_draw
[1.114s] copying custom_draw/__init__.py -> /home/omark/turtle_draw/build/custom_draw/build/lib/custom_draw
[1.114s] running install
[1.114s] running install_lib
[1.115s] creating /home/omark/turtle_draw/install/custom_draw/lib/python3.10/site-packages/custom_draw
[1.115s] copying /home/omark/turtle_draw/build/custom_draw/build/lib/custom_draw/__init__.py -> /home/omark/turtle_draw/install/custom_draw/lib/python3.10/site-packages/custom_draw
[1.115s] byte-compiling /home/omark/turtle_draw/install/custom_draw/lib/python3.10/site-packages/custom_draw/__init__.py to __init__.cpython-310.pyc
[1.115s] running install_data
[1.116s] creating /home/omark/turtle_draw/install/custom_draw/share/ament_index
[1.116s] creating /home/omark/turtle_draw/install/custom_draw/share/ament_index/resource_index
[1.116s] creating /home/omark/turtle_draw/install/custom_draw/share/ament_index/resource_index/packages
[1.116s] copying resource/custom_draw -> /home/omark/turtle_draw/install/custom_draw/share/ament_index/resource_index/packages
[1.116s] copying package.xml -> /home/omark/turtle_draw/install/custom_draw/share/custom_draw
[1.116s] running install_egg_info
[1.117s] Copying ../../build/custom_draw/custom_draw.egg-info to /home/omark/turtle_draw/install/custom_draw/lib/python3.10/site-packages/custom_draw-0.0.0-py3.10.egg-info
[1.118s] running install_scripts
[1.136s] writing list of installed files to '/home/omark/turtle_draw/build/custom_draw/install.log'
[1.156s] Invoked command in '/home/omark/turtle_draw/src/custom_draw' returned '0': PYTHONPATH=/home/omark/turtle_draw/build/custom_draw/prefix_override:/home/omark/turtle_draw/install/custom_draw/lib/python3.10/site-packages:${PYTHONPATH} /usr/bin/python3 setup.py egg_info --egg-base ../../build/custom_draw build --build-base /home/omark/turtle_draw/build/custom_draw/build install --record /home/omark/turtle_draw/build/custom_draw/install.log --single-version-externally-managed
