[0.489s] DEBUG:colcon:Command line arguments: ['/usr/bin/colcon', 'list', '-p', '--base-paths', '/home/omark/turtle_draw']
[0.489s] DEBUG:colcon:Parsed command line arguments: Namespace(log_base=None, log_level=None, verb_name='list', build_base='build', ignore_user_meta=False, metas=['./colcon.meta'], base_paths=['/home/omark/turtle_draw'], packages_ignore=None, packages_ignore_regex=None, paths=None, packages_up_to=None, packages_up_to_regex=None, packages_above=None, packages_above_and_dependencies=None, packages_above_depth=None, packages_select_by_dep=None, packages_skip_by_dep=None, packages_skip_up_to=None, packages_select_build_failed=False, packages_skip_build_finished=False, packages_select_test_failures=False, packages_skip_test_passed=False, packages_select=None, packages_skip=None, packages_select_regex=None, packages_skip_regex=None, packages_start=None, packages_end=None, allow_overriding=[], topological_order=False, names_only=False, paths_only=True, topological_graph=False, topological_graph_dot=False, topological_graph_density=False, topological_graph_legend=False, topological_graph_dot_cluster=False, topological_graph_dot_include_skipped=False, verb_parser=<colcon_defaults.argument_parser.defaults.DefaultArgumentsDecorator object at 0x7fd0973db7c0>, verb_extension=<colcon_package_information.verb.list.ListVerb object at 0x7fd097a012a0>, main=<bound method ListVerb.main of <colcon_package_information.verb.list.ListVerb object at 0x7fd097a012a0>>)
[0.533s] Level 1:colcon.colcon_core.package_discovery:discover_packages(colcon_meta) check parameters
[0.534s] Level 1:colcon.colcon_core.package_discovery:discover_packages(recursive) check parameters
[0.534s] Level 1:colcon.colcon_core.package_discovery:discover_packages(ignore) check parameters
[0.534s] Level 1:colcon.colcon_core.package_discovery:discover_packages(path) check parameters
[0.534s] Level 1:colcon.colcon_core.package_discovery:discover_packages(recursive) discover
[0.534s] INFO:colcon.colcon_core.package_discovery:Crawling recursively for packages in '/home/omark/turtle_draw'
[0.534s] Level 1:colcon.colcon_core.package_identification:_identify(/home/omark/turtle_draw) by extensions ['ignore', 'ignore_ament_install']
[0.534s] Level 1:colcon.colcon_core.package_identification:_identify(/home/omark/turtle_draw) by extension 'ignore'
[0.534s] Level 1:colcon.colcon_core.package_identification:_identify(/home/omark/turtle_draw) by extension 'ignore_ament_install'
[0.534s] Level 1:colcon.colcon_core.package_identification:_identify(/home/omark/turtle_draw) by extensions ['colcon_pkg']
[0.534s] Level 1:colcon.colcon_core.package_identification:_identify(/home/omark/turtle_draw) by extension 'colcon_pkg'
[0.534s] Level 1:colcon.colcon_core.package_identification:_identify(/home/omark/turtle_draw) by extensions ['colcon_meta']
[0.534s] Level 1:colcon.colcon_core.package_identification:_identify(/home/omark/turtle_draw) by extension 'colcon_meta'
[0.534s] Level 1:colcon.colcon_core.package_identification:_identify(/home/omark/turtle_draw) by extensions ['ros']
[0.534s] Level 1:colcon.colcon_core.package_identification:_identify(/home/omark/turtle_draw) by extension 'ros'
[0.548s] Level 1:colcon.colcon_core.package_identification:_identify(/home/omark/turtle_draw) by extensions ['cmake', 'python']
[0.548s] Level 1:colcon.colcon_core.package_identification:_identify(/home/omark/turtle_draw) by extension 'cmake'
[0.548s] Level 1:colcon.colcon_core.package_identification:_identify(/home/omark/turtle_draw) by extension 'python'
[0.548s] Level 1:colcon.colcon_core.package_identification:_identify(/home/omark/turtle_draw) by extensions ['python_setup_py']
[0.548s] Level 1:colcon.colcon_core.package_identification:_identify(/home/omark/turtle_draw) by extension 'python_setup_py'
[0.549s] Level 1:colcon.colcon_core.package_identification:_identify(/home/omark/turtle_draw/log) by extensions ['ignore', 'ignore_ament_install']
[0.549s] Level 1:colcon.colcon_core.package_identification:_identify(/home/omark/turtle_draw/log) by extension 'ignore'
[0.549s] Level 1:colcon.colcon_core.package_identification:_identify(/home/omark/turtle_draw/log) ignored
[0.549s] Level 1:colcon.colcon_core.package_identification:_identify(/home/omark/turtle_draw/src) by extensions ['ignore', 'ignore_ament_install']
[0.549s] Level 1:colcon.colcon_core.package_identification:_identify(/home/omark/turtle_draw/src) by extension 'ignore'
[0.549s] Level 1:colcon.colcon_core.package_identification:_identify(/home/omark/turtle_draw/src) by extension 'ignore_ament_install'
[0.549s] Level 1:colcon.colcon_core.package_identification:_identify(/home/omark/turtle_draw/src) by extensions ['colcon_pkg']
[0.549s] Level 1:colcon.colcon_core.package_identification:_identify(/home/omark/turtle_draw/src) by extension 'colcon_pkg'
[0.549s] Level 1:colcon.colcon_core.package_identification:_identify(/home/omark/turtle_draw/src) by extensions ['colcon_meta']
[0.549s] Level 1:colcon.colcon_core.package_identification:_identify(/home/omark/turtle_draw/src) by extension 'colcon_meta'
[0.549s] Level 1:colcon.colcon_core.package_identification:_identify(/home/omark/turtle_draw/src) by extensions ['ros']
[0.549s] Level 1:colcon.colcon_core.package_identification:_identify(/home/omark/turtle_draw/src) by extension 'ros'
[0.549s] Level 1:colcon.colcon_core.package_identification:_identify(/home/omark/turtle_draw/src) by extensions ['cmake', 'python']
[0.550s] Level 1:colcon.colcon_core.package_identification:_identify(/home/omark/turtle_draw/src) by extension 'cmake'
[0.550s] Level 1:colcon.colcon_core.package_identification:_identify(/home/omark/turtle_draw/src) by extension 'python'
[0.550s] Level 1:colcon.colcon_core.package_identification:_identify(/home/omark/turtle_draw/src) by extensions ['python_setup_py']
[0.550s] Level 1:colcon.colcon_core.package_identification:_identify(/home/omark/turtle_draw/src) by extension 'python_setup_py'
[0.550s] Level 1:colcon.colcon_core.package_identification:_identify(/home/omark/turtle_draw/src/custom_draw) by extensions ['ignore', 'ignore_ament_install']
[0.550s] Level 1:colcon.colcon_core.package_identification:_identify(/home/omark/turtle_draw/src/custom_draw) by extension 'ignore'
[0.550s] Level 1:colcon.colcon_core.package_identification:_identify(/home/omark/turtle_draw/src/custom_draw) by extension 'ignore_ament_install'
[0.550s] Level 1:colcon.colcon_core.package_identification:_identify(/home/omark/turtle_draw/src/custom_draw) by extensions ['colcon_pkg']
[0.550s] Level 1:colcon.colcon_core.package_identification:_identify(/home/omark/turtle_draw/src/custom_draw) by extension 'colcon_pkg'
[0.550s] Level 1:colcon.colcon_core.package_identification:_identify(/home/omark/turtle_draw/src/custom_draw) by extensions ['colcon_meta']
[0.550s] Level 1:colcon.colcon_core.package_identification:_identify(/home/omark/turtle_draw/src/custom_draw) by extension 'colcon_meta'
[0.550s] Level 1:colcon.colcon_core.package_identification:_identify(/home/omark/turtle_draw/src/custom_draw) by extensions ['ros']
[0.550s] Level 1:colcon.colcon_core.package_identification:_identify(/home/omark/turtle_draw/src/custom_draw) by extension 'ros'
[0.553s] DEBUG:colcon.colcon_core.package_identification:Package '/home/omark/turtle_draw/src/custom_draw' with type 'ros.ament_python' and name 'custom_draw'
[0.553s] Level 1:colcon.colcon_core.package_discovery:discover_packages(recursive) using defaults
