/home/omark/turtle_draw/install/custom_draw/lib/python3.10/site-packages/custom_draw/__init__.py
/home/omark/turtle_draw/install/custom_draw/lib/python3.10/site-packages/custom_draw/shapeNode.py
/home/omark/turtle_draw/install/custom_draw/lib/python3.10/site-packages/custom_draw/turtle_commander.py
/home/omark/turtle_draw/install/custom_draw/lib/python3.10/site-packages/custom_draw/__pycache__/__init__.cpython-310.pyc
/home/omark/turtle_draw/install/custom_draw/lib/python3.10/site-packages/custom_draw/__pycache__/shapeNode.cpython-310.pyc
/home/omark/turtle_draw/install/custom_draw/lib/python3.10/site-packages/custom_draw/__pycache__/turtle_commander.cpython-310.pyc
/home/omark/turtle_draw/install/custom_draw/share/ament_index/resource_index/packages/custom_draw
/home/omark/turtle_draw/install/custom_draw/share/custom_draw/package.xml
/home/omark/turtle_draw/install/custom_draw/share/custom_draw/launch/draw.launch.py
/home/omark/turtle_draw/install/custom_draw/share/custom_draw/config
/home/omark/turtle_draw/install/custom_draw/share/custom_draw/worlds
/home/omark/turtle_draw/install/custom_draw/share/custom_draw/rviz
/home/omark/turtle_draw/install/custom_draw/share/custom_draw/meshes
/home/omark/turtle_draw/install/custom_draw/share/custom_draw/urdf
/home/omark/turtle_draw/install/custom_draw/lib/python3.10/site-packages/custom_draw-0.0.0-py3.10.egg-info/top_level.txt
/home/omark/turtle_draw/install/custom_draw/lib/python3.10/site-packages/custom_draw-0.0.0-py3.10.egg-info/zip-safe
/home/omark/turtle_draw/install/custom_draw/lib/python3.10/site-packages/custom_draw-0.0.0-py3.10.egg-info/requires.txt
/home/omark/turtle_draw/install/custom_draw/lib/python3.10/site-packages/custom_draw-0.0.0-py3.10.egg-info/entry_points.txt
/home/omark/turtle_draw/install/custom_draw/lib/python3.10/site-packages/custom_draw-0.0.0-py3.10.egg-info/dependency_links.txt
/home/omark/turtle_draw/install/custom_draw/lib/python3.10/site-packages/custom_draw-0.0.0-py3.10.egg-info/PKG-INFO
/home/omark/turtle_draw/install/custom_draw/lib/python3.10/site-packages/custom_draw-0.0.0-py3.10.egg-info/SOURCES.txt
/home/omark/turtle_draw/install/custom_draw/lib/custom_draw/shape_node
/home/omark/turtle_draw/install/custom_draw/lib/custom_draw/turtle_commander
