[0.570s] Invoking command in '/home/omark/turtle_draw/src/custom_draw': PYTHONPATH=/home/omark/turtle_draw/build/custom_draw/prefix_override:/home/omark/turtle_draw/install/custom_draw/lib/python3.10/site-packages:${PYTHONPATH} /usr/bin/python3 setup.py egg_info --egg-base ../../build/custom_draw build --build-base /home/omark/turtle_draw/build/custom_draw/build install --record /home/omark/turtle_draw/build/custom_draw/install.log --single-version-externally-managed
[0.802s] running egg_info
[0.802s] writing ../../build/custom_draw/custom_draw.egg-info/PKG-INFO
[0.802s] writing dependency_links to ../../build/custom_draw/custom_draw.egg-info/dependency_links.txt
[0.803s] writing entry points to ../../build/custom_draw/custom_draw.egg-info/entry_points.txt
[0.803s] writing requirements to ../../build/custom_draw/custom_draw.egg-info/requires.txt
[0.803s] writing top-level names to ../../build/custom_draw/custom_draw.egg-info/top_level.txt
[0.804s] reading manifest file '../../build/custom_draw/custom_draw.egg-info/SOURCES.txt'
[0.805s] writing manifest file '../../build/custom_draw/custom_draw.egg-info/SOURCES.txt'
[0.805s] running build
[0.805s] running build_py
[0.806s] running install
[0.806s] running install_lib
[0.807s] running install_data
[0.807s] running install_egg_info
[0.808s] removing '/home/omark/turtle_draw/install/custom_draw/lib/python3.10/site-packages/custom_draw-0.0.0-py3.10.egg-info' (and everything under it)
[0.809s] Copying ../../build/custom_draw/custom_draw.egg-info to /home/omark/turtle_draw/install/custom_draw/lib/python3.10/site-packages/custom_draw-0.0.0-py3.10.egg-info
[0.809s] running install_scripts
[0.826s] Installing shape_node script to /home/omark/turtle_draw/install/custom_draw/lib/custom_draw
[0.826s] Installing turtle_commander script to /home/omark/turtle_draw/install/custom_draw/lib/custom_draw
[0.827s] writing list of installed files to '/home/omark/turtle_draw/build/custom_draw/install.log'
[0.847s] Invoked command in '/home/omark/turtle_draw/src/custom_draw' returned '0': PYTHONPATH=/home/omark/turtle_draw/build/custom_draw/prefix_override:/home/omark/turtle_draw/install/custom_draw/lib/python3.10/site-packages:${PYTHONPATH} /usr/bin/python3 setup.py egg_info --egg-base ../../build/custom_draw build --build-base /home/omark/turtle_draw/build/custom_draw/build install --record /home/omark/turtle_draw/build/custom_draw/install.log --single-version-externally-managed
