[0.563s] Invoking command in '/home/omark/turtle_draw/src/custom_draw': PYTHONPATH=/home/omark/turtle_draw/build/custom_draw/prefix_override:/home/omark/turtle_draw/install/custom_draw/lib/python3.10/site-packages:${PYTHONPATH} /usr/bin/python3 setup.py egg_info --egg-base ../../build/custom_draw build --build-base /home/omark/turtle_draw/build/custom_draw/build install --record /home/omark/turtle_draw/build/custom_draw/install.log --single-version-externally-managed
[0.795s] running egg_info
[0.796s] writing ../../build/custom_draw/custom_draw.egg-info/PKG-INFO
[0.796s] writing dependency_links to ../../build/custom_draw/custom_draw.egg-info/dependency_links.txt
[0.796s] writing entry points to ../../build/custom_draw/custom_draw.egg-info/entry_points.txt
[0.796s] writing requirements to ../../build/custom_draw/custom_draw.egg-info/requires.txt
[0.797s] writing top-level names to ../../build/custom_draw/custom_draw.egg-info/top_level.txt
[0.798s] reading manifest file '../../build/custom_draw/custom_draw.egg-info/SOURCES.txt'
[0.798s] writing manifest file '../../build/custom_draw/custom_draw.egg-info/SOURCES.txt'
[0.799s] running build
[0.799s] running build_py
[0.799s] copying custom_draw/shapeNode.py -> /home/omark/turtle_draw/build/custom_draw/build/lib/custom_draw
[0.799s] running install
[0.799s] running install_lib
[0.800s] copying /home/omark/turtle_draw/build/custom_draw/build/lib/custom_draw/shapeNode.py -> /home/omark/turtle_draw/install/custom_draw/lib/python3.10/site-packages/custom_draw
[0.800s] byte-compiling /home/omark/turtle_draw/install/custom_draw/lib/python3.10/site-packages/custom_draw/shapeNode.py to shapeNode.cpython-310.pyc
[0.801s] running install_data
[0.802s] running install_egg_info
[0.803s] removing '/home/omark/turtle_draw/install/custom_draw/lib/python3.10/site-packages/custom_draw-0.0.0-py3.10.egg-info' (and everything under it)
[0.803s] Copying ../../build/custom_draw/custom_draw.egg-info to /home/omark/turtle_draw/install/custom_draw/lib/python3.10/site-packages/custom_draw-0.0.0-py3.10.egg-info
[0.804s] running install_scripts
[0.821s] Installing shape_node script to /home/omark/turtle_draw/install/custom_draw/lib/custom_draw
[0.822s] Installing turtle_commander script to /home/omark/turtle_draw/install/custom_draw/lib/custom_draw
[0.822s] writing list of installed files to '/home/omark/turtle_draw/build/custom_draw/install.log'
[0.842s] Invoked command in '/home/omark/turtle_draw/src/custom_draw' returned '0': PYTHONPATH=/home/omark/turtle_draw/build/custom_draw/prefix_override:/home/omark/turtle_draw/install/custom_draw/lib/python3.10/site-packages:${PYTHONPATH} /usr/bin/python3 setup.py egg_info --egg-base ../../build/custom_draw build --build-base /home/omark/turtle_draw/build/custom_draw/build install --record /home/omark/turtle_draw/build/custom_draw/install.log --single-version-externally-managed
