[0.601s] Invoking command in '/home/omark/turtle_draw/src/custom_draw': PYTHONPATH=/home/omark/turtle_draw/build/custom_draw/prefix_override:/home/omark/turtle_draw/install/custom_draw/lib/python3.10/site-packages:${PYTHONPATH} /usr/bin/python3 setup.py egg_info --egg-base ../../build/custom_draw build --build-base /home/omark/turtle_draw/build/custom_draw/build install --record /home/omark/turtle_draw/build/custom_draw/install.log --single-version-externally-managed
[0.836s] running egg_info
[0.837s] writing ../../build/custom_draw/custom_draw.egg-info/PKG-INFO
[0.837s] writing dependency_links to ../../build/custom_draw/custom_draw.egg-info/dependency_links.txt
[0.837s] writing entry points to ../../build/custom_draw/custom_draw.egg-info/entry_points.txt
[0.837s] writing requirements to ../../build/custom_draw/custom_draw.egg-info/requires.txt
[0.838s] writing top-level names to ../../build/custom_draw/custom_draw.egg-info/top_level.txt
[0.839s] reading manifest file '../../build/custom_draw/custom_draw.egg-info/SOURCES.txt'
[0.840s] writing manifest file '../../build/custom_draw/custom_draw.egg-info/SOURCES.txt'
[0.840s] running build
[0.840s] running build_py
[0.840s] copying custom_draw/turtle_commander.py -> /home/omark/turtle_draw/build/custom_draw/build/lib/custom_draw
[0.840s] running install
[0.840s] running install_lib
[0.841s] copying /home/omark/turtle_draw/build/custom_draw/build/lib/custom_draw/turtle_commander.py -> /home/omark/turtle_draw/install/custom_draw/lib/python3.10/site-packages/custom_draw
[0.841s] byte-compiling /home/omark/turtle_draw/install/custom_draw/lib/python3.10/site-packages/custom_draw/turtle_commander.py to turtle_commander.cpython-310.pyc
[0.842s] running install_data
[0.843s] running install_egg_info
[0.844s] removing '/home/omark/turtle_draw/install/custom_draw/lib/python3.10/site-packages/custom_draw-0.0.0-py3.10.egg-info' (and everything under it)
[0.844s] Copying ../../build/custom_draw/custom_draw.egg-info to /home/omark/turtle_draw/install/custom_draw/lib/python3.10/site-packages/custom_draw-0.0.0-py3.10.egg-info
[0.845s] running install_scripts
[0.862s] Installing shape_node script to /home/omark/turtle_draw/install/custom_draw/lib/custom_draw
[0.862s] Installing turtle_commander script to /home/omark/turtle_draw/install/custom_draw/lib/custom_draw
[0.862s] writing list of installed files to '/home/omark/turtle_draw/build/custom_draw/install.log'
[0.883s] Invoked command in '/home/omark/turtle_draw/src/custom_draw' returned '0': PYTHONPATH=/home/omark/turtle_draw/build/custom_draw/prefix_override:/home/omark/turtle_draw/install/custom_draw/lib/python3.10/site-packages:${PYTHONPATH} /usr/bin/python3 setup.py egg_info --egg-base ../../build/custom_draw build --build-base /home/omark/turtle_draw/build/custom_draw/build install --record /home/omark/turtle_draw/build/custom_draw/install.log --single-version-externally-managed
